[debug] [2021-08-12T14:08:59.905Z] ----------------------------------------------------------------------
[debug] [2021-08-12T14:08:59.910Z] Command:       C:\Program Files\nodejs\node.exe C:\Users\roani\AppData\Roaming\npm\node_modules\firebase-tools\lib\bin\firebase.js deploy
[debug] [2021-08-12T14:08:59.910Z] CLI Version:   9.13.1
[debug] [2021-08-12T14:08:59.910Z] Platform:      win32
[debug] [2021-08-12T14:08:59.910Z] Node Version:  v14.15.1
[debug] [2021-08-12T14:08:59.911Z] Time:          Thu Aug 12 2021 19:38:59 GMT+0530 (India Standard Time)
[debug] [2021-08-12T14:08:59.912Z] ----------------------------------------------------------------------
[debug] 
[debug] [2021-08-12T14:08:59.919Z] > command requires scopes: ["email","openid","https://www.googleapis.com/auth/cloudplatformprojects.readonly","https://www.googleapis.com/auth/firebase","https://www.googleapis.com/auth/cloud-platform"]
[debug] [2021-08-12T14:08:59.920Z] > authorizing via signed-in user (ro.anilpnr@gmail.com)
[debug] [2021-08-12T14:08:59.920Z] [iam] checking project rennovex-site for permissions ["firebase.projects.get","firebasehosting.sites.update"]
[debug] [2021-08-12T14:08:59.921Z] > refreshing access token with scopes: ["email","https://www.googleapis.com/auth/cloud-platform","https://www.googleapis.com/auth/cloudplatformprojects.readonly","https://www.googleapis.com/auth/firebase","openid"]
[debug] [2021-08-12T14:08:59.922Z] >>> HTTP REQUEST POST https://www.googleapis.com/oauth2/v3/token  
 <request body omitted>
[debug] [2021-08-12T14:09:00.319Z] <<< HTTP RESPONSE 200 {"expires":"Mon, 01 Jan 1990 00:00:00 GMT","date":"Thu, 12 Aug 2021 14:09:00 GMT","pragma":"no-cache","cache-control":"no-cache, no-store, max-age=0, must-revalidate","content-type":"application/json; charset=utf-8","vary":"X-Origin, Referer, Origin,Accept-Encoding","server":"scaffolding on HTTPServer2","x-xss-protection":"0","x-frame-options":"SAMEORIGIN","x-content-type-options":"nosniff","alt-svc":"h3=\":443\"; ma=2592000,h3-29=\":443\"; ma=2592000,h3-T051=\":443\"; ma=2592000,h3-Q050=\":443\"; ma=2592000,h3-Q046=\":443\"; ma=2592000,h3-Q043=\":443\"; ma=2592000,quic=\":443\"; ma=2592000; v=\"46,43\"","accept-ranges":"none","transfer-encoding":"chunked"}
[debug] [2021-08-12T14:09:00.330Z] >>> HTTP REQUEST POST https://cloudresourcemanager.googleapis.com/v1/projects/rennovex-site:testIamPermissions  
 {"permissions":["firebase.projects.get","firebasehosting.sites.update"]}
[debug] [2021-08-12T14:09:01.963Z] <<< HTTP RESPONSE 200 {"content-type":"application/json; charset=UTF-8","vary":"X-Origin, Referer, Origin,Accept-Encoding","date":"Thu, 12 Aug 2021 14:09:01 GMT","server":"ESF","cache-control":"private","x-xss-protection":"0","x-frame-options":"SAMEORIGIN","x-content-type-options":"nosniff","server-timing":"gfet4t7; dur=1161","alt-svc":"h3=\":443\"; ma=2592000,h3-29=\":443\"; ma=2592000,h3-T051=\":443\"; ma=2592000,h3-Q050=\":443\"; ma=2592000,h3-Q046=\":443\"; ma=2592000,h3-Q043=\":443\"; ma=2592000,quic=\":443\"; ma=2592000; v=\"46,43\"","accept-ranges":"none","transfer-encoding":"chunked"}
[debug] [2021-08-12T14:09:01.965Z] > refreshing access token with scopes: []
[debug] [2021-08-12T14:09:01.965Z] >>> HTTP REQUEST POST https://www.googleapis.com/oauth2/v3/token  
 <request body omitted>
[debug] [2021-08-12T14:09:02.317Z] <<< HTTP RESPONSE 200 {"expires":"Mon, 01 Jan 1990 00:00:00 GMT","pragma":"no-cache","date":"Thu, 12 Aug 2021 14:09:02 GMT","cache-control":"no-cache, no-store, max-age=0, must-revalidate","content-type":"application/json; charset=utf-8","vary":"X-Origin, Referer, Origin,Accept-Encoding","server":"scaffolding on HTTPServer2","x-xss-protection":"0","x-frame-options":"SAMEORIGIN","x-content-type-options":"nosniff","alt-svc":"h3=\":443\"; ma=2592000,h3-29=\":443\"; ma=2592000,h3-T051=\":443\"; ma=2592000,h3-Q050=\":443\"; ma=2592000,h3-Q046=\":443\"; ma=2592000,h3-Q043=\":443\"; ma=2592000,quic=\":443\"; ma=2592000; v=\"46,43\"","accept-ranges":"none","transfer-encoding":"chunked"}
[debug] [2021-08-12T14:09:02.329Z] >>> [apiv2][query] GET https://firebase.googleapis.com/v1beta1/projects/rennovex-site [none]
[debug] [2021-08-12T14:09:02.955Z] <<< [apiv2][status] GET https://firebase.googleapis.com/v1beta1/projects/rennovex-site 200
[debug] [2021-08-12T14:09:02.955Z] <<< [apiv2][body] GET https://firebase.googleapis.com/v1beta1/projects/rennovex-site {"projectId":"rennovex-site","projectNumber":"867669095932","displayName":"rennovex-site","name":"projects/rennovex-site","resources":{"hostingSite":"rennovex-site","storageBucket":"rennovex-site.appspot.com","locationId":"us-central"},"state":"ACTIVE"}
[info] 
[info] === Deploying to 'rennovex-site'...
[info] 
[info] i  deploying hosting 
[debug] [2021-08-12T14:09:02.959Z] > refreshing access token with scopes: ["email","https://www.googleapis.com/auth/cloud-platform","https://www.googleapis.com/auth/cloudplatformprojects.readonly","https://www.googleapis.com/auth/firebase","openid"]
[debug] [2021-08-12T14:09:02.959Z] >>> HTTP REQUEST POST https://www.googleapis.com/oauth2/v3/token  
 <request body omitted>
[debug] [2021-08-12T14:09:03.434Z] <<< HTTP RESPONSE 200 {"date":"Thu, 12 Aug 2021 14:09:03 GMT","pragma":"no-cache","cache-control":"no-cache, no-store, max-age=0, must-revalidate","expires":"Mon, 01 Jan 1990 00:00:00 GMT","content-type":"application/json; charset=utf-8","vary":"X-Origin, Referer, Origin,Accept-Encoding","server":"scaffolding on HTTPServer2","x-xss-protection":"0","x-frame-options":"SAMEORIGIN","x-content-type-options":"nosniff","alt-svc":"h3=\":443\"; ma=2592000,h3-29=\":443\"; ma=2592000,h3-T051=\":443\"; ma=2592000,h3-Q050=\":443\"; ma=2592000,h3-Q046=\":443\"; ma=2592000,h3-Q043=\":443\"; ma=2592000,quic=\":443\"; ma=2592000; v=\"46,43\"","accept-ranges":"none","transfer-encoding":"chunked"}
[debug] [2021-08-12T14:09:03.444Z] >>> HTTP REQUEST POST https://firebasehosting.googleapis.com/v1beta1/sites/rennovex-site/versions  
 {"config":{"rewrites":[{"glob":"**","path":"/index.html"}]},"labels":{"deployment-tool":"cli-firebase"}}
[debug] [2021-08-12T14:09:24.942Z] Error: connect ETIMEDOUT 216.58.200.138:443
    at TCPConnectWrap.afterConnect [as oncomplete] (net.js:1146:16)
[error] 
[error] Error: Server Error. connect ETIMEDOUT 216.58.200.138:443
